<?xml version="1.0" encoding="UTF-8"?>
<!-- Generated by org.testng.reporters.JUnitXMLReporter -->
<testsuite ignored="2" hostname="LAPTOP-EHCJIHPH" failures="0" tests="2" name="GRP-bvt" time="0.051" errors="0" timestamp="2023-06-07T21:01:56 IST">
  <testcase classname="testng_Practice.Group_Demo_Test" name="test3" time="0.006"/>
  <testcase classname="testng_Practice.Group_Demo_Test" name="test4" time="0.001"/>
  <testcase classname="testng_Practice.Group_Demo_Test" name="logout" time="0.0">
    <ignored/>
  </testcase> <!-- logout -->
  <testcase classname="testng_Practice.Group_Demo_Test" name="logintest" time="0.0">
    <ignored/>
  </testcase> <!-- logintest -->
</testsuite> <!-- GRP-bvt -->
