<?xml version="1.0" encoding="UTF-8"?>
<!-- Generated by org.testng.reporters.JUnitXMLReporter -->
<testsuite ignored="1" hostname="LAPTOP-EHCJIHPH" failures="0" tests="2" name="Default test" time="0.069" errors="0" timestamp="2023-07-01T16:23:54 IST">
  <testcase classname="practice_Testng.Priority" name="priorityTest" time="0.012"/>
  <testcase classname="practice_Testng.Priority" name="prioriyTest2" time="0.002"/>
  <testcase classname="practice_Testng.Priority" name="priorityTest3" time="0.0">
    <ignored/>
  </testcase> <!-- priorityTest3 -->
</testsuite> <!-- Default test -->
