<?xml version="1.0" encoding="UTF-8"?>
<!-- Generated by org.testng.reporters.JUnitXMLReporter -->
<testsuite ignored="1" hostname="LAPTOP-EHCJIHPH" failures="0" tests="3" name="Test" time="0.071" errors="0" timestamp="2023-07-01T10:39:57 IST">
  <testcase classname="practice_Testng.Annotations" name="test2" time="0.01"/>
  <testcase classname="practice_Testng.Annotations" name="test3" time="0.003"/>
  <testcase classname="practice_Testng.Annotations" name="test4" time="0.001"/>
  <testcase classname="practice_Testng.Annotations" name="test1" time="0.0">
    <ignored/>
  </testcase> <!-- test1 -->
</testsuite> <!-- Test -->
